
ec: system execution failed.
Following is the set of recorded exceptions:

******************************** Thread exception *****************************
In thread           Root thread            0x0 (thread id)
*******************************************************************************
-------------------------------------------------------------------------------
Class / Object      Routine                Nature of exception           Effect
-------------------------------------------------------------------------------
CONSOLE             put_new_line @1        FILE: unable to write CHARACTER value.:
<000002C3A1C197B8>                         Runtime I/O error.            Fail
-------------------------------------------------------------------------------
CONSOLE             put_new_line @1                                     
<000002C3A1C197B8>                         Routine failure.              Fail
-------------------------------------------------------------------------------
TERM_WINDOW         put_new_line @1                                     
<000002C3A1BA6428>                         Routine failure.              Fail
-------------------------------------------------------------------------------
TERM_WINDOW         process_new_line @1                                 
<000002C3A1BA6428>  (From OUTPUT_WINDOW)   Routine failure.              Fail
-------------------------------------------------------------------------------
TERM_WINDOW         add_new_line @1                                     
<000002C3A1BA6428>  (From TEXT_FORMATTER)  Routine failure.              Fail
-------------------------------------------------------------------------------
DEFAULT_ERROR_DISPLAYER
                    trace_warnings @10     
<000002C3A1BA6408>                         Routine failure.              Rescue
-------------------------------------------------------------------------------
ERROR_HANDLER       trace_warnings @3                                   
<000002C3A1BA63C8>                         Routine failure.              Fail
-------------------------------------------------------------------------------
WORKBENCH_I         recompile @35                                       
<000002C3A19AC6D8>                         Routine failure.              Rescue
-------------------------------------------------------------------------------
E_PROJECT           melt @7                                             
<000002C3A19AC418>                         Routine failure.              Rescue
-------------------------------------------------------------------------------
E_PROJECT           quick_melt @3                                       
<000002C3A19AC418>                         Routine failure.              Fail
-------------------------------------------------------------------------------
EWB_QUICK_MELT      perform_compilation @1                              
<000002C3A16E1BB8>                         Routine failure.              Fail
-------------------------------------------------------------------------------
EWB_QUICK_MELT      compile @3                                          
<000002C3A16E1BB8>  (From EWB_COMP)        Routine failure.              Fail
-------------------------------------------------------------------------------
EWB_QUICK_MELT      execute @6                                          
<000002C3A16E1BB8>  (From EWB_COMP)        Routine failure.              Fail
-------------------------------------------------------------------------------
ES_BATCH            execute @45                                         
<000002C3A00C6258>  (From ES)              Routine failure.              Rescue
-------------------------------------------------------------------------------
~~~~~~~~~~~~~~~~~~~~~~~~~~~~~~~ entering level 1 ~~~~~~~~~~~~~~~~~~~~~~~~~~~~~~
-------------------------------------------------------------------------------
CONSOLE             put_string @4          FILE: unable to write STRING object.:
<000002C3A1C197B8>                         Runtime I/O error.            Fail
-------------------------------------------------------------------------------
CONSOLE             put_string @4                                       
<000002C3A1C197B8>                         Routine failure.              Fail
-------------------------------------------------------------------------------
CONSOLE             put_string_general @17                              
<000002C3A1C197B8>  (From PLAIN_TEXT_FILE) Routine failure.              Fail
-------------------------------------------------------------------------------
CONSOLE             put_string_32 @1                                    
<000002C3A1C197B8>  (From PLAIN_TEXT_FILE) Routine failure.              Fail
-------------------------------------------------------------------------------
ES_BATCH            localized_print_error @4
<000002C3A00C6258>  (From LOCALIZED_PRINTER)
                                           Routine failure.              Fail
-------------------------------------------------------------------------------
~~~~~~~~~~~~~~~~~~~~~~~~~~~~~~~ back to level 0 ~~~~~~~~~~~~~~~~~~~~~~~~~~~~~~~
-------------------------------------------------------------------------------
ES_BATCH            execute @69                                         
<000002C3A00C6258>  (From ES)              Exception in rescue clause.   Fail
-------------------------------------------------------------------------------
ES_BATCH            make @13                                            
<000002C3A00C6258>  (From ES)              Routine failure.              Fail
-------------------------------------------------------------------------------
EB_KERNEL           make @5                                             
<000002C39FF676E8>                         Routine failure.              Fail
-------------------------------------------------------------------------------
EB_KERNEL           root's creation                                     
<000002C39FF676E8>                         Routine failure.              Exit
-------------------------------------------------------------------------------

simple_ml: system execution failed.
Following is the set of recorded exceptions:

******************************** Thread exception *****************************
In thread           Root thread            0x0 (thread id)
*******************************************************************************
-------------------------------------------------------------------------------
Class / Object      Routine                Nature of exception           Effect
-------------------------------------------------------------------------------
CONSOLE             console_ps             FILE: unable to write STRING object.:
<0000020EAB8AA508>                         Runtime I/O error.            Fail
-------------------------------------------------------------------------------
CONSOLE             console_ps                                          
<0000020EAB8AA508>                         Routine failure.              Fail
-------------------------------------------------------------------------------
CONSOLE             put_string @6                                       
<0000020EAB8AA508>                         Routine failure.              Fail
-------------------------------------------------------------------------------
STD_FILES           put_string @2                                       
<0000020EAB8AA4E8>                         Routine failure.              Fail
-------------------------------------------------------------------------------
TEST_APP            print @6                                            
<0000020EAB8A9138>  (From ANY)             Routine failure.              Fail
-------------------------------------------------------------------------------
TEST_APP            run_test @3                                         
<0000020EAB8A9138>                         Routine failure.              Rescue
-------------------------------------------------------------------------------
~~~~~~~~~~~~~~~~~~~~~~~~~~~~~~~ entering level 1 ~~~~~~~~~~~~~~~~~~~~~~~~~~~~~~
-------------------------------------------------------------------------------
CONSOLE             console_ps             FILE: unable to write STRING object.:
<0000020EAB8AA508>                         Runtime I/O error.            Fail
-------------------------------------------------------------------------------
CONSOLE             console_ps                                          
<0000020EAB8AA508>                         Routine failure.              Fail
-------------------------------------------------------------------------------
CONSOLE             put_string @6                                       
<0000020EAB8AA508>                         Routine failure.              Fail
-------------------------------------------------------------------------------
STD_FILES           put_string @2                                       
<0000020EAB8AA4E8>                         Routine failure.              Fail
-------------------------------------------------------------------------------
TEST_APP            print @6                                            
<0000020EAB8A9138>  (From ANY)             Routine failure.              Fail
-------------------------------------------------------------------------------
~~~~~~~~~~~~~~~~~~~~~~~~~~~~~~~ back to level 0 ~~~~~~~~~~~~~~~~~~~~~~~~~~~~~~~
-------------------------------------------------------------------------------
TEST_APP            run_test @5                                         
<0000020EAB8A9138>                         Exception in rescue clause.   Fail
-------------------------------------------------------------------------------
TEST_APP            run_logistic_regression_tests @16
<0000020EAB8A9138>                         Routine failure.              Fail
-------------------------------------------------------------------------------
TEST_APP            make @7                                             
<0000020EAB8A9138>                         Routine failure.              Fail
-------------------------------------------------------------------------------
TEST_APP            root's creation                                     
<0000020EAB8A9138>                         Routine failure.              Exit
-------------------------------------------------------------------------------
